

. cd C:\www\stata_web_git\public\stata16\klips
C:\www\stata_web_git\public\stata16\klips

. smart_klips_v3 h_resid_type h_hprice h_region h_hsex h_hage h_kidage06 h_kida
> ge712 h_kidage1315 h_kid h_num h_hmarital h_hedu h_inc_1 h_inc_2 h_inc_3 h_in
> c_4 h_inc_5 h_inc_6 h_inc_total h_incomeq h_asset_1 h_asset_2_1 h_asset_2_2 h
> _asset_3_1 h_asset_3_2 h_debt_total h_debt_pay h_eqscale_ori h_eqscale_mod h_
> sample98 h_sample09 h_sample18 h_weight98 h_weight09 h_weight18 p_sex p_age p
> _rel p_edu p_religion p_married p_region p_econstat p_jobtype p_wage p_hours 
> p_employ_type p_job_status p_ind2000 p_ind2007 p_ind2017 p_jobfam2000 p_jobfa
> m2007 p_jobfam2017 p_firm_size p_job_begin p_weight98_l p_weight98_c p_weight
> 09_l p_weight09_c p_weight18_l p_weight18_c p_sample98 p_sample09 p_sample18 
> , wave( 01 02 03 04 05 06 07 08 09 10 11 12 13 14 15 16 17 18 19 20 21 22) wd
> ( )  website( ) save(fgt)  excel  add_h( h2101  h2102    h4001  h4002  h2201 
> )  add_p( p0315  p0501  p0502  p0504  p0505 )

    Result                           # of obs.
    -----------------------------------------
    not matched                             1
        from master                         1  
        from using                          0  

    matched                           302,150  
    -----------------------------------------
(note: file klips_final.dta not found)
file klips_final.dta saved
(1 observation deleted)

    Result                           # of obs.
    -----------------------------------------
    not matched                             0
    matched                           302,150  
    -----------------------------------------

    Result                           # of obs.
    -----------------------------------------
    not matched                             1
        from master                         0  
        from using                          1  

    matched                           302,150  
    -----------------------------------------
(1 observation deleted)
snapshot 1 created at 30 Jun 2021 05:55
snapshot 2 created at 30 Jun 2021 05:55
snapshot 3 created at 30 Jun 2021 05:55
snapshot 4 created at 30 Jun 2021 05:55
snapshot 5 created at 30 Jun 2021 05:55
(note: file klips_final_add.dta not found)
file klips_final_add.dta saved
(note: file fgt.dta not found)
file fgt.dta saved
file fgt.xlsx saved
snapshot 6 created at 30 Jun 2021 06:00
(302,150 missing values generated)
(302,150 missing values generated)
variable vname was str1 now str4
(1 real change made)
(1 real change made)
(1 real change made)
(1 real change made)
(1 real change made)
(1 real change made)
(1 real change made)
(1 real change made)
variable vname was str4 now str9
(1 real change made)
(1 real change made)
variable vname was str9 now str11
(1 real change made)
variable lname was str50 now str96
(1 real change made)
(1 real change made)
variable lname was str96 now str168
(1 real change made)
(1 real change made)
(1 real change made)
(1 real change made)
(1 real change made)
(1 real change made)
(1 real change made)
variable vname was str11 now str12
(1 real change made)
(1 real change made)
variable vname was str12 now str13
(1 real change made)
(1 real change made)
(1 real change made)
(1 real change made)
(1 real change made)
(1 real change made)
(1 real change made)
(1 real change made)
(1 real change made)
(1 real change made)
(1 real change made)
(1 real change made)
(1 real change made)
(1 real change made)
(1 real change made)
(1 real change made)
(1 real change made)
(1 real change made)
(1 real change made)
(1 real change made)
(1 real change made)
(1 real change made)
(1 real change made)
(1 real change made)
(1 real change made)
(1 real change made)
(1 real change made)
(1 real change made)
(1 real change made)
(1 real change made)
(1 real change made)
(1 real change made)
(1 real change made)
(1 real change made)
(1 real change made)
(1 real change made)
(1 real change made)
(1 real change made)
(1 real change made)
(1 real change made)
(1 real change made)
(1 real change made)
(1 real change made)
(1 real change made)
(1 real change made)
(1 real change made)
(1 real change made)
(1 real change made)
(1 real change made)
(1 real change made)
(1 real change made)
(1 real change made)
(1 real change made)
(1 real change made)
(1 real change made)
(1 real change made)
(1 real change made)
(1 real change made)
(1 real change made)
(1 real change made)
(1 real change made)
(1 real change made)
(1 real change made)
(1 real change made)
(1 real change made)
(1 real change made)
(1 real change made)
(1 real change made)
(1 real change made)
(1 real change made)
(1 real change made)
(1 real change made)
(1 real change made)
(1 real change made)
(1 real change made)
(1 real change made)
(1 real change made)
(1 real change made)
(1 real change made)
(1 real change made)
(1 real change made)
(1 real change made)
(1 real change made)
(1 real change made)
(1 real change made)
(1 real change made)
(1 real change made)
(1 real change made)
(1 real change made)
(1 real change made)
(1 real change made)
(1 real change made)
(1 real change made)
(1 real change made)
(1 real change made)
(1 real change made)
(1 real change made)
(1 real change made)
(1 real change made)
(1 real change made)
(1 real change made)
(1 real change made)
(1 real change made)
(1 real change made)
(1 real change made)
(1 real change made)
(1 real change made)
(1 real change made)
(1 real change made)
(1 real change made)
(1 real change made)
(1 real change made)
(1 real change made)
(1 real change made)
(1 real change made)
(1 real change made)
(1 real change made)
(1 real change made)
(1 real change made)
(1 real change made)
(1 real change made)
(1 real change made)
(1 real change made)
(1 real change made)
(1 real change made)
(1 real change made)
(1 real change made)
(1 real change made)
(1 real change made)
(1 real change made)
(1 real change made)
(1 real change made)
(1 real change made)
(1 real change made)
(1 real change made)
(1 real change made)
(302,071 observations deleted)

. 
end of do-file
